<?xml version="1.0" encoding="UTF-8"?>
<!-- Generated by org.testng.reporters.JUnitXMLReporter -->
<testsuite ignored="0" hostname="AnulekhaJoshi" failures="0" tests="2" name="Default test" time="70.346" errors="0" timestamp="2023-05-08T15:42:42 IST">
  <testcase classname="com.MyStore.testcases.SearchAmazon" name="verifyAmazonSearchAddedToCartFeature" time="32.212"/>
  <testcase classname="com.MyStore.testcases.SearchAmazon" name="verifyAmazonSearchBuyNowFeature" time="27.206"/>
</testsuite> <!-- Default test -->
